#
# There is insufficient memory for the Java Runtime Environment to continue.
# Native memory allocation (malloc) failed to allocate 1048576 bytes for AllocateHeap
# Possible reasons:
#   The system is out of physical RAM or swap space
#   In 32 bit mode, the process size limit was hit
# Possible solutions:
#   Reduce memory load on the system
#   Increase physical memory or swap space
#   Check if swap backing store is full
#   Use 64 bit Java on a 64 bit OS
#   Decrease Java heap size (-Xmx/-Xms)
#   Decrease number of Java threads
#   Decrease Java thread stack sizes (-Xss)
#   Set larger code cache with -XX:ReservedCodeCacheSize=
# This output file may be truncated or incomplete.
#
#  Out of Memory Error (memory/allocation.inline.hpp:61), pid=13000, tid=0x000000000000445c
#
# JRE version:  (8.0_144-b01) (build )
# Java VM: Java HotSpot(TM) 64-Bit Server VM (25.144-b01 mixed mode windows-amd64 compressed oops)
# Failed to write core dump. Minidumps are not enabled by default on client versions of Windows
#

---------------  T H R E A D  ---------------

Current thread (0x0000000003865000):  JavaThread "Unknown thread" [_thread_in_vm, id=17500, stack(0x0000000003570000,0x0000000003670000)]

Stack: [0x0000000003570000,0x0000000003670000]
[error occurred during error reporting (printing stack bounds), id 0xc0000005]

Native frames: (J=compiled Java code, j=interpreted, Vv=VM code, C=native code)


---------------  P R O C E S S  ---------------

Java Threads: ( => current thread )

Other Threads:

=>0x0000000003865000 (exited) JavaThread "Unknown thread" [_thread_in_vm, id=17500, stack(0x0000000003570000,0x0000000003670000)]

VM state:not at safepoint (normal execution)

VM Mutex/Monitor currently owned by a thread: None

Heap:
 PSYoungGen      total 75776K, used 1300K [0x000000076b600000, 0x0000000770a80000, 0x00000007c0000000)
  eden space 65024K, 2% used [0x000000076b600000,0x000000076b7451f8,0x000000076f580000)
  from space 10752K, 0% used [0x0000000770000000,0x0000000770000000,0x0000000770a80000)
  to   space 10752K, 0% used [0x000000076f580000,0x000000076f580000,0x0000000770000000)
 ParOldGen       total 173568K, used 0K [0x00000006c2200000, 0x00000006ccb80000, 0x000000076b600000)
  object space 173568K, 0% used [0x00000006c2200000,0x00000006c2200000,0x00000006ccb80000)
 Metaspace       used 770K, capacity 4480K, committed 4480K, reserved 1056768K
  class space    used 75K, capacity 384K, committed 384K, reserved 1048576K

Card table byte_map: [0x0000000012d20000,0x0000000013510000] byte_map_base: 0x000000000f70f000

Marking Bits: (ParMarkBitMap*) 0x000000007598d850
 Begin Bits: [0x0000000014260000, 0x00000000181d8000)
 End Bits:   [0x00000000181d8000, 0x000000001c150000)

Polling page: 0x00000000030e0000

CodeCache: size=245760Kb used=328Kb max_used=328Kb free=245431Kb
 bounds [0x0000000003960000, 0x0000000003bd0000, 0x0000000012960000]
 total_blobs=58 nmethods=0 adapters=38
 compilation: enabled

Compilation events (0 events):
No events

GC Heap History (0 events):
No events

Deoptimization events (0 events):
No events

Internal exceptions (0 events):
No events

Events (10 events):
Event: 0.020 loading class java/lang/Short
Event: 0.020 loading class java/lang/Short done
Event: 0.020 loading class java/lang/Integer
Event: 0.020 loading class java/lang/Integer done
Event: 0.020 loading class java/lang/Long
Event: 0.020 loading class java/lang/Long done
Event: 0.020 loading class java/lang/NullPointerException
Event: 0.020 loading class java/lang/NullPointerException done
Event: 0.020 loading class java/lang/ArithmeticException
Event: 0.020 loading class java/lang/ArithmeticException done


Dynamic libraries:
0x00007ff631ff0000 - 0x00007ff632027000 	C:\Program Files\Java\jdk1.8.0_144\bin\java.exe
0x00007ff8b8010000 - 0x00007ff8b8205000 	C:\WINDOWS\SYSTEM32\ntdll.dll
0x00007ff8b6a20000 - 0x00007ff8b6add000 	C:\WINDOWS\System32\KERNEL32.DLL
0x00007ff8b5980000 - 0x00007ff8b5c49000 	C:\WINDOWS\System32\KERNELBASE.dll
0x00007ff8b7050000 - 0x00007ff8b70fc000 	C:\WINDOWS\System32\ADVAPI32.dll
0x00007ff8b6770000 - 0x00007ff8b680e000 	C:\WINDOWS\System32\msvcrt.dll
0x00007ff8b63e0000 - 0x00007ff8b647b000 	C:\WINDOWS\System32\sechost.dll
0x00007ff8b7bb0000 - 0x00007ff8b7cda000 	C:\WINDOWS\System32\RPCRT4.dll
0x00007ff8b7200000 - 0x00007ff8b73a0000 	C:\WINDOWS\System32\USER32.dll
0x00007ff8b5c50000 - 0x00007ff8b5c72000 	C:\WINDOWS\System32\win32u.dll
0x00007ff8b6510000 - 0x00007ff8b653a000 	C:\WINDOWS\System32\GDI32.dll
0x00007ff8b5810000 - 0x00007ff8b591b000 	C:\WINDOWS\System32\gdi32full.dll
0x00007ff8b5d30000 - 0x00007ff8b5dcd000 	C:\WINDOWS\System32\msvcp_win.dll
0x00007ff8b5e20000 - 0x00007ff8b5f20000 	C:\WINDOWS\System32\ucrtbase.dll
0x00007ff8ab600000 - 0x00007ff8ab89a000 	C:\WINDOWS\WinSxS\amd64_microsoft.windows.common-controls_6595b64144ccf1df_6.0.19041.1110_none_60b5254171f9507e\COMCTL32.dll
0x00007ff8b6720000 - 0x00007ff8b6750000 	C:\WINDOWS\System32\IMM32.DLL
0x0000000075a10000 - 0x0000000075ae2000 	C:\Program Files\Java\jdk1.8.0_144\jre\bin\msvcr100.dll
0x0000000075170000 - 0x0000000075a0d000 	C:\Program Files\Java\jdk1.8.0_144\jre\bin\server\jvm.dll
0x00007ff8b6500000 - 0x00007ff8b6508000 	C:\WINDOWS\System32\PSAPI.DLL
0x00007ff8a95e0000 - 0x00007ff8a95e9000 	C:\WINDOWS\SYSTEM32\WSOCK32.dll
0x00007ff8abbd0000 - 0x00007ff8abbf7000 	C:\WINDOWS\SYSTEM32\WINMM.dll
0x00007ff8afc00000 - 0x00007ff8afc0a000 	C:\WINDOWS\SYSTEM32\VERSION.dll
0x00007ff8b7100000 - 0x00007ff8b716b000 	C:\WINDOWS\System32\WS2_32.dll
0x0000000075160000 - 0x000000007516f000 	C:\Program Files\Java\jdk1.8.0_144\jre\bin\verify.dll
0x0000000075130000 - 0x0000000075159000 	C:\Program Files\Java\jdk1.8.0_144\jre\bin\java.dll
0x0000000075050000 - 0x0000000075073000 	C:\Program Files\Java\jdk1.8.0_144\jre\bin\instrument.dll
0x0000000075110000 - 0x0000000075126000 	C:\Program Files\Java\jdk1.8.0_144\jre\bin\zip.dll

VM Arguments:
jvm_args: -javaagent:D:\idea\IntelliJ IDEA 2020.1\lib\idea_rt.jar=56542:D:\idea\IntelliJ IDEA 2020.1\bin -Dfile.encoding=UTF-8 
java_command: com.cao.xps.app.create.CodeGenerator
java_class_path (initial): C:\Program Files\Java\jdk1.8.0_144\jre\lib\charsets.jar;C:\Program Files\Java\jdk1.8.0_144\jre\lib\deploy.jar;C:\Program Files\Java\jdk1.8.0_144\jre\lib\ext\access-bridge-64.jar;C:\Program Files\Java\jdk1.8.0_144\jre\lib\ext\cldrdata.jar;C:\Program Files\Java\jdk1.8.0_144\jre\lib\ext\dnsns.jar;C:\Program Files\Java\jdk1.8.0_144\jre\lib\ext\jaccess.jar;C:\Program Files\Java\jdk1.8.0_144\jre\lib\ext\jfxrt.jar;C:\Program Files\Java\jdk1.8.0_144\jre\lib\ext\localedata.jar;C:\Program Files\Java\jdk1.8.0_144\jre\lib\ext\nashorn.jar;C:\Program Files\Java\jdk1.8.0_144\jre\lib\ext\sunec.jar;C:\Program Files\Java\jdk1.8.0_144\jre\lib\ext\sunjce_provider.jar;C:\Program Files\Java\jdk1.8.0_144\jre\lib\ext\sunmscapi.jar;C:\Program Files\Java\jdk1.8.0_144\jre\lib\ext\sunpkcs11.jar;C:\Program Files\Java\jdk1.8.0_144\jre\lib\ext\zipfs.jar;C:\Program Files\Java\jdk1.8.0_144\jre\lib\javaws.jar;C:\Program Files\Java\jdk1.8.0_144\jre\lib\jce.jar;C:\Program Files\Java\jdk1.8.0_144\jre\lib\jfr.jar;C:\Program Files\Java\jdk1.8.0_144\jre\lib\jfxswt.jar;C:\Program Files\Java\jdk1.8.0_144\jre\lib\jsse.jar;C:\Program Files\Java\jdk1.8.0_144\jre\lib\management-agent.jar;C:\Program Files\Java\jdk1.8.0_144\jre\lib\plugin.jar;C:\Program Files\Java\jdk1.8.0_144\jre\lib\resources.jar;C:\Program Files\Java\jdk1.8.0_144\jre\lib\rt.jar;D:\idea-project\xps\xps-service\target\test-classes;D:\idea-project\xps\xps-service\target\classes;D:\idea-project\xps\xps-common\target\classes;D:\MavenFile\com\baomidou\mybatis-plus-generator\3.2.0\mybatis-plus-generator-3.2.0.jar;D:\MavenFile\com\baomidou\mybatis-plus-extension\3.2.0\mybatis-plus-extension-3.2.0.jar;D:\MavenFile\com\baomidou\mybatis-plus-core\3.2.0\mybatis-plus-core-3.2.0.jar;D:\MavenFile\com\baomidou\mybatis-plus-annotation\3.2.0\mybatis-plus-annotation-3.2.0.jar;D:\MavenFile\com\github\jsqlparser\jsqlparser\2.1\jsqlparser-2.1.jar;D:\MavenFile\org\mybatis\mybatis\3.5.2\mybatis-3.5.2.jar;D:\MavenFile\org\mybatis\mybatis-s
Launcher Type: SUN_STANDARD

Environment Variables:
JAVA_HOME=C:\Program Files\Java\jdk1.8.0_144
PATH=D:\VM\bin\;C:\ProgramData\Oracle\Java\javapath;C:\WINDOWS\system32;C:\WINDOWS;C:\WINDOWS\System32\Wbem;C:\WINDOWS\System32\WindowsPowerShell\v1.0\;C:\WINDOWS\System32\OpenSSH\;C:\Program Files (x86)\Intel\Intel(R) Management Engine Components\DAL;C:\Program Files\Intel\Intel(R) Management Engine Components\DAL;C:\Program Files\Java\jdk1.8.0_144\bin;C:\Program Files\Java\jdk1.8.0_144\jre\bin;C:\Program Files\TortoiseSVN\bin;D:\apache-maven-3.0.5-bin\apache-maven-3.0.5\bin;D:\git\git-file\Git\cmd;D:\nodejs\;C:\Users\peng\AppData\Local\Microsoft\WindowsApps;C:\Users\peng\AppData\Roaming\npm;D:\nodejs\node_global;
USERNAME=peng
OS=Windows_NT
PROCESSOR_IDENTIFIER=Intel64 Family 6 Model 158 Stepping 9, GenuineIntel



---------------  S Y S T E M  ---------------

OS: Windows 10.0 , 64 bit Build 19041 (10.0.19041.1023)

CPU:total 8 (initial active 8) (4 cores per cpu, 2 threads per core) family 6 model 158 stepping 9, cmov, cx8, fxsr, mmx, sse, sse2, sse3, ssse3, sse4.1, sse4.2, popcnt, avx, avx2, aes, clmul, erms, rtm, 3dnowpref, lzcnt, ht, tsc, tscinvbit, bmi1, bmi2, adx

Memory: 4k page, physical 16632376k(2832656k free), swap 32093604k(5440k free)

vm_info: Java HotSpot(TM) 64-Bit Server VM (25.144-b01) for windows-amd64 JRE (1.8.0_144-b01), built on Jul 21 2017 21:57:33 by "java_re" with MS VC++ 10.0 (VS2010)

time: Mon Jul 19 18:34:47 2021
elapsed time: 0 seconds (0d 0h 0m 0s)

